==31723== Memcheck, a memory error detector
==31723== Copyright (C) 2002-2017, and GNU GPL'd, by Julian Seward et al.
==31723== Using Valgrind-3.18.1 and LibVEX; rerun with -h for copyright info
==31723== Command: ./mod1.out
==31723== Parent PID: 31702
==31723== 
==31723== 
==31723== HEAP SUMMARY:
==31723==     in use at exit: 100 bytes in 1 blocks
==31723==   total heap usage: 2 allocs, 1 frees, 1,124 bytes allocated
==31723== 
==31723== 100 bytes in 1 blocks are definitely lost in loss record 1 of 1
==31723==    at 0x4848899: malloc (in /usr/libexec/valgrind/vgpreload_memcheck-amd64-linux.so)
==31723==    by 0x10924C: print_hola (printeo.c:5)
==31723==    by 0x1091D6: main (in /home/utnso/SO/practicas/tpcito_makefile/mod1/mod1.out)
==31723== 
==31723== LEAK SUMMARY:
==31723==    definitely lost: 100 bytes in 1 blocks
==31723==    indirectly lost: 0 bytes in 0 blocks
==31723==      possibly lost: 0 bytes in 0 blocks
==31723==    still reachable: 0 bytes in 0 blocks
==31723==         suppressed: 0 bytes in 0 blocks
==31723== 
==31723== For lists of detected and suppressed errors, rerun with: -s
==31723== ERROR SUMMARY: 1 errors from 1 contexts (suppressed: 0 from 0)
